RUN	features.CatsKarateSimulation		catskaratesimulation	1543430471623	null	2.0
USER	create	1	START	1543430471900	1543430471900
USER	delete	12	START	1543430471928	1543430471928
USER	create	2	START	1543430472132	1543430472132
USER	create	3	START	1543430472341	1543430472341
REQUEST	delete	12		GET /cats	1543430472195	1543430472336	OK	 
USER	delete	12	END	1543430471928	1543430472359
USER	delete	13	START	1543430472413	1543430472413
REQUEST	create	2		POST /cats	1543430472203	1543430472352	OK	 
REQUEST	create	1		POST /cats	1543430472197	1543430472370	OK	 
REQUEST	create	1		GET /cats/{id}	1543430472390	1543430472444	OK	 
REQUEST	create	3		POST /cats	1543430472433	1543430472451	OK	 
REQUEST	create	2		GET /cats/{id}	1543430472391	1543430472446	OK	 
REQUEST	create	3		GET /cats/{id}	1543430472461	1543430472475	OK	 
REQUEST	create	1		PUT /cats/{id}	1543430472457	1543430472471	OK	 
USER	create	4	START	1543430472543	1543430472543
REQUEST	create	1		GET /cats	1543430472517	1543430472543	OK	 
USER	create	1	END	1543430471900	1543430472551
REQUEST	create	2		PUT /cats/{id}	1543430472457	1543430472474	OK	 
REQUEST	create	2		GET /cats	1543430472523	1543430472552	OK	 
USER	create	2	END	1543430472132	1543430472556
REQUEST	create	3		PUT /cats/{id}	1543430472482	1543430472502	OK	 
REQUEST	create	3		GET /cats	1543430472547	1543430472571	OK	 
USER	create	3	END	1543430472341	1543430472582
REQUEST	delete	13		GET /cats	1543430472524	1543430472551	KO	classpath:features/cats_delete/cats-delete.feature:13 def result = call delete response
USER	delete	13	END	1543430472413	1543430472602
REQUEST	create	4		POST /cats	1543430472634	1543430472649	OK	 
REQUEST	create	4		GET /cats/{id}	1543430472666	1543430472676	OK	 
USER	create	5	START	1543430472742	1543430472742
REQUEST	create	4		PUT /cats/{id}	1543430472689	1543430472701	OK	 
REQUEST	create	4		GET /cats	1543430472753	1543430472762	OK	 
USER	create	4	END	1543430472543	1543430472767
REQUEST	create	5		POST /cats	1543430472813	1543430472821	OK	 
REQUEST	create	5		GET /cats/{id}	1543430472829	1543430472840	OK	 
USER	delete	14	START	1543430472911	1543430472911
REQUEST	create	5		PUT /cats/{id}	1543430472852	1543430472870	OK	 
REQUEST	create	5		GET /cats	1543430472912	1543430472919	OK	 
USER	create	5	END	1543430472742	1543430472924
USER	create	6	START	1543430472943	1543430472943
REQUEST	create	6		POST /cats	1543430473003	1543430473021	OK	 
REQUEST	delete	14		GET /cats	1543430472974	1543430472981	KO	classpath:features/cats_delete/cats-delete.feature:13 def result = call delete response
USER	delete	14	END	1543430472911	1543430473046
REQUEST	create	6		GET /cats/{id}	1543430473032	1543430473040	OK	 
REQUEST	create	6		PUT /cats/{id}	1543430473050	1543430473061	OK	 
REQUEST	create	6		GET /cats	1543430473104	1543430473111	OK	 
USER	create	6	END	1543430472943	1543430473115
USER	create	7	START	1543430473142	1543430473142
REQUEST	create	7		POST /cats	1543430473213	1543430473220	OK	 
REQUEST	create	7		GET /cats/{id}	1543430473226	1543430473236	OK	 
REQUEST	create	7		PUT /cats/{id}	1543430473244	1543430473253	OK	 
REQUEST	create	7		GET /cats	1543430473304	1543430473315	OK	 
USER	create	7	END	1543430473142	1543430473323
USER	create	8	START	1543430473342	1543430473342
USER	delete	15	START	1543430473411	1543430473411
REQUEST	create	8		POST /cats	1543430473414	1543430473421	OK	 
REQUEST	create	8		GET /cats/{id}	1543430473428	1543430473439	OK	 
REQUEST	create	8		PUT /cats/{id}	1543430473449	1543430473457	OK	 
REQUEST	create	8		GET /cats	1543430473503	1543430473516	OK	 
USER	create	8	END	1543430473342	1543430473520
USER	create	9	START	1543430473541	1543430473541
REQUEST	delete	15		GET /cats	1543430473467	1543430473473	KO	classpath:features/cats_delete/cats-delete.feature:13 def result = call delete response
USER	delete	15	END	1543430473411	1543430473585
REQUEST	create	9		POST /cats	1543430473615	1543430473623	OK	 
REQUEST	create	9		GET /cats/{id}	1543430473636	1543430473647	OK	 
REQUEST	create	9		PUT /cats/{id}	1543430473657	1543430473670	OK	 
REQUEST	create	9		GET /cats	1543430473713	1543430473722	OK	 
USER	create	9	END	1543430473541	1543430473730
USER	create	10	START	1543430473742	1543430473742
REQUEST	create	10		POST /cats	1543430473814	1543430473820	OK	 
REQUEST	create	10		GET /cats/{id}	1543430473826	1543430473838	OK	 
USER	delete	16	START	1543430473910	1543430473910
REQUEST	create	10		PUT /cats/{id}	1543430473848	1543430473879	OK	 
REQUEST	create	10		GET /cats	1543430473913	1543430473919	OK	 
USER	create	10	END	1543430473742	1543430473923
USER	create	11	START	1543430473940	1543430473940
REQUEST	create	11		POST /cats	1543430474013	1543430474021	OK	 
REQUEST	create	11		GET /cats/{id}	1543430474027	1543430474044	OK	 
REQUEST	delete	16		GET /cats	1543430473964	1543430473970	KO	classpath:features/cats_delete/cats-delete.feature:13 def result = call delete response
USER	delete	16	END	1543430473910	1543430474081
REQUEST	create	11		PUT /cats/{id}	1543430474053	1543430474062	OK	 
USER	create	17	START	1543430474112	1543430474112
REQUEST	create	11		GET /cats	1543430474103	1543430474109	OK	 
USER	create	11	END	1543430473940	1543430474116
REQUEST	create	17		POST /cats	1543430474183	1543430474191	OK	 
REQUEST	create	17		GET /cats/{id}	1543430474200	1543430474206	OK	 
REQUEST	create	17		PUT /cats/{id}	1543430474215	1543430474221	OK	 
REQUEST	create	17		GET /cats	1543430474264	1543430474270	OK	 
USER	create	17	END	1543430474112	1543430474273
USER	create	18	START	1543430474310	1543430474310
REQUEST	create	18		POST /cats	1543430474371	1543430474378	OK	 
REQUEST	create	18		GET /cats/{id}	1543430474383	1543430474389	OK	 
USER	delete	22	START	1543430474413	1543430474413
REQUEST	create	18		PUT /cats/{id}	1543430474395	1543430474402	OK	 
REQUEST	create	18		GET /cats	1543430474442	1543430474447	OK	 
USER	create	18	END	1543430474310	1543430474451
USER	create	19	START	1543430474511	1543430474511
REQUEST	delete	22		GET /cats	1543430474464	1543430474469	KO	classpath:features/cats_delete/cats-delete.feature:13 def result = call delete response
USER	delete	22	END	1543430474413	1543430474589
REQUEST	create	19		POST /cats	1543430474574	1543430474584	OK	 
REQUEST	create	19		GET /cats/{id}	1543430474588	1543430474597	OK	 
REQUEST	create	19		PUT /cats/{id}	1543430474605	1543430474613	OK	 
REQUEST	create	19		GET /cats	1543430474653	1543430474660	OK	 
USER	create	19	END	1543430474511	1543430474666
USER	create	20	START	1543430474712	1543430474712
REQUEST	create	20		POST /cats	1543430474772	1543430474777	OK	 
REQUEST	create	20		GET /cats/{id}	1543430474782	1543430474787	OK	 
REQUEST	create	20		PUT /cats/{id}	1543430474793	1543430474799	OK	 
REQUEST	create	20		GET /cats	1543430474844	1543430474849	OK	 
USER	create	20	END	1543430474712	1543430474852
USER	delete	23	START	1543430474911	1543430474911
USER	create	21	START	1543430474911	1543430474911
REQUEST	create	21		POST /cats	1543430474975	1543430474981	OK	 
REQUEST	create	21		GET /cats/{id}	1543430474986	1543430474998	OK	 
REQUEST	delete	23		GET /cats	1543430474953	1543430474958	KO	classpath:features/cats_delete/cats-delete.feature:13 def result = call delete response
USER	delete	23	END	1543430474911	1543430475058
REQUEST	create	21		PUT /cats/{id}	1543430475004	1543430475010	OK	 
REQUEST	create	21		GET /cats	1543430475052	1543430475064	OK	 
USER	create	21	END	1543430474911	1543430475067
USER	create	24	START	1543430475111	1543430475111
REQUEST	create	24		POST /cats	1543430475174	1543430475180	OK	 
REQUEST	create	24		GET /cats/{id}	1543430475185	1543430475190	OK	 
REQUEST	create	24		PUT /cats/{id}	1543430475195	1543430475200	OK	 
REQUEST	create	24		GET /cats	1543430475243	1543430475247	OK	 
USER	create	24	END	1543430475111	1543430475250
USER	create	25	START	1543430475310	1543430475310
REQUEST	create	25		POST /cats	1543430475363	1543430475368	OK	 
REQUEST	create	25		GET /cats/{id}	1543430475371	1543430475376	OK	 
USER	delete	29	START	1543430475413	1543430475413
REQUEST	create	25		PUT /cats/{id}	1543430475384	1543430475389	OK	 
REQUEST	create	25		GET /cats	1543430475433	1543430475437	OK	 
USER	create	25	END	1543430475310	1543430475440
USER	create	26	START	1543430475512	1543430475512
REQUEST	delete	29		GET /cats	1543430475452	1543430475457	KO	classpath:features/cats_delete/cats-delete.feature:13 def result = call delete response
USER	delete	29	END	1543430475413	1543430475586
REQUEST	create	26		POST /cats	1543430475572	1543430475584	OK	 
REQUEST	create	26		GET /cats/{id}	1543430475589	1543430475597	OK	 
REQUEST	create	26		PUT /cats/{id}	1543430475602	1543430475607	OK	 
REQUEST	create	26		GET /cats	1543430475652	1543430475657	OK	 
USER	create	26	END	1543430475512	1543430475659
USER	create	27	START	1543430475711	1543430475711
REQUEST	create	27		POST /cats	1543430475764	1543430475769	OK	 
REQUEST	create	27		GET /cats/{id}	1543430475773	1543430475778	OK	 
REQUEST	create	27		PUT /cats/{id}	1543430475782	1543430475786	OK	 
REQUEST	create	27		GET /cats	1543430475823	1543430475827	OK	 
USER	create	27	END	1543430475711	1543430475831
USER	delete	30	START	1543430475911	1543430475911
USER	create	28	START	1543430475911	1543430475911
REQUEST	create	28		POST /cats	1543430475972	1543430475977	OK	 
REQUEST	create	28		GET /cats/{id}	1543430475982	1543430475990	OK	 
REQUEST	create	28		PUT /cats/{id}	1543430475998	1543430476003	OK	 
REQUEST	create	28		GET /cats	1543430476043	1543430476049	OK	 
USER	create	28	END	1543430475911	1543430476052
REQUEST	delete	30		GET /cats	1543430475953	1543430475957	KO	classpath:features/cats_delete/cats-delete.feature:13 def result = call delete response
USER	delete	30	END	1543430475911	1543430476078
USER	create	31	START	1543430476112	1543430476112
REQUEST	create	31		POST /cats	1543430476172	1543430476176	OK	 
REQUEST	create	31		GET /cats/{id}	1543430476179	1543430476186	OK	 
REQUEST	create	31		PUT /cats/{id}	1543430476191	1543430476198	OK	 
REQUEST	create	31		GET /cats	1543430476244	1543430476249	OK	 
USER	create	31	END	1543430476112	1543430476252
USER	create	32	START	1543430476312	1543430476312
REQUEST	create	32		POST /cats	1543430476372	1543430476376	OK	 
REQUEST	create	32		GET /cats/{id}	1543430476379	1543430476383	OK	 
USER	delete	36	START	1543430476411	1543430476411
REQUEST	create	32		PUT /cats/{id}	1543430476387	1543430476393	OK	 
REQUEST	create	32		GET /cats	1543430476431	1543430476436	OK	 
USER	create	32	END	1543430476312	1543430476440
USER	create	33	START	1543430476513	1543430476513
REQUEST	create	33		POST /cats	1543430476583	1543430476588	OK	 
REQUEST	delete	36		GET /cats	1543430476464	1543430476469	KO	classpath:features/cats_delete/cats-delete.feature:13 def result = call delete response
USER	delete	36	END	1543430476411	1543430476616
REQUEST	create	33		GET /cats/{id}	1543430476594	1543430476603	OK	 
REQUEST	create	33		PUT /cats/{id}	1543430476607	1543430476619	OK	 
REQUEST	create	33		GET /cats	1543430476652	1543430476656	OK	 
USER	create	33	END	1543430476513	1543430476659
USER	create	34	START	1543430476712	1543430476712
REQUEST	create	34		POST /cats	1543430476762	1543430476770	OK	 
REQUEST	create	34		GET /cats/{id}	1543430476773	1543430476780	OK	 
REQUEST	create	34		PUT /cats/{id}	1543430476785	1543430476789	OK	 
REQUEST	create	34		GET /cats	1543430476832	1543430476837	OK	 
USER	create	34	END	1543430476712	1543430476839
USER	delete	37	START	1543430476912	1543430476912
USER	create	35	START	1543430476912	1543430476912
REQUEST	create	35		POST /cats	1543430476973	1543430476977	OK	 
REQUEST	create	35		GET /cats/{id}	1543430476981	1543430477006	OK	 
REQUEST	create	35		PUT /cats/{id}	1543430477012	1543430477017	OK	 
REQUEST	create	35		GET /cats	1543430477052	1543430477056	OK	 
USER	create	35	END	1543430476912	1543430477058
USER	create	38	START	1543430477110	1543430477110
REQUEST	delete	37		GET /cats	1543430476963	1543430476967	KO	classpath:features/cats_delete/cats-delete.feature:13 def result = call delete response
USER	delete	37	END	1543430476912	1543430477124
REQUEST	create	38		POST /cats	1543430477162	1543430477166	OK	 
REQUEST	create	38		GET /cats/{id}	1543430477170	1543430477179	OK	 
REQUEST	create	38		PUT /cats/{id}	1543430477183	1543430477187	OK	 
REQUEST	create	38		GET /cats	1543430477223	1543430477230	OK	 
USER	create	38	END	1543430477110	1543430477232
USER	create	39	START	1543430477311	1543430477311
REQUEST	create	39		POST /cats	1543430477364	1543430477369	OK	 
REQUEST	create	39		GET /cats/{id}	1543430477372	1543430477383	OK	 
USER	delete	43	START	1543430477410	1543430477410
REQUEST	create	39		PUT /cats/{id}	1543430477387	1543430477390	OK	 
REQUEST	create	39		GET /cats	1543430477432	1543430477436	OK	 
USER	create	39	END	1543430477311	1543430477439
USER	create	40	START	1543430477511	1543430477511
REQUEST	create	40		POST /cats	1543430477566	1543430477570	OK	 
REQUEST	create	40		GET /cats/{id}	1543430477573	1543430477580	OK	 
REQUEST	delete	43		GET /cats	1543430477453	1543430477456	KO	classpath:features/cats_delete/cats-delete.feature:13 def result = call delete response
USER	delete	43	END	1543430477410	1543430477599
REQUEST	create	40		PUT /cats/{id}	1543430477589	1543430477593	OK	 
REQUEST	create	40		GET /cats	1543430477634	1543430477639	OK	 
USER	create	40	END	1543430477511	1543430477641
USER	create	41	START	1543430477712	1543430477712
REQUEST	create	41		POST /cats	1543430477773	1543430477777	OK	 
REQUEST	create	41		GET /cats/{id}	1543430477780	1543430477783	OK	 
REQUEST	create	41		PUT /cats/{id}	1543430477786	1543430477789	OK	 
REQUEST	create	41		GET /cats	1543430477824	1543430477828	OK	 
USER	create	41	END	1543430477712	1543430477830
USER	create	42	START	1543430477913	1543430477913
USER	delete	44	START	1543430477913	1543430477913
REQUEST	create	42		POST /cats	1543430477971	1543430477975	OK	 
REQUEST	create	42		GET /cats/{id}	1543430477977	1543430477981	OK	 
REQUEST	create	42		PUT /cats/{id}	1543430477984	1543430477988	OK	 
REQUEST	create	42		GET /cats	1543430478036	1543430478040	OK	 
USER	create	42	END	1543430477913	1543430478043
REQUEST	delete	44		GET /cats	1543430477962	1543430477966	KO	classpath:features/cats_delete/cats-delete.feature:13 def result = call delete response
USER	delete	44	END	1543430477913	1543430478096
USER	create	45	START	1543430478111	1543430478111
REQUEST	create	45		POST /cats	1543430478162	1543430478166	OK	 
REQUEST	create	45		GET /cats/{id}	1543430478168	1543430478172	OK	 
REQUEST	create	45		PUT /cats/{id}	1543430478174	1543430478177	OK	 
REQUEST	create	45		GET /cats	1543430478214	1543430478219	OK	 
USER	create	45	END	1543430478111	1543430478221
USER	create	46	START	1543430478312	1543430478312
REQUEST	create	46		POST /cats	1543430478362	1543430478366	OK	 
REQUEST	create	46		GET /cats/{id}	1543430478368	1543430478373	OK	 
USER	delete	50	START	1543430478413	1543430478413
REQUEST	create	46		PUT /cats/{id}	1543430478381	1543430478386	OK	 
REQUEST	create	46		GET /cats	1543430478422	1543430478425	OK	 
USER	create	46	END	1543430478312	1543430478427
USER	create	47	START	1543430478512	1543430478512
REQUEST	delete	50		GET /cats	1543430478452	1543430478459	KO	classpath:features/cats_delete/cats-delete.feature:13 def result = call delete response
USER	delete	50	END	1543430478413	1543430478587
REQUEST	create	47		POST /cats	1543430478574	1543430478581	OK	 
REQUEST	create	47		GET /cats/{id}	1543430478585	1543430478591	OK	 
REQUEST	create	47		PUT /cats/{id}	1543430478601	1543430478604	OK	 
REQUEST	create	47		GET /cats	1543430478644	1543430478648	OK	 
USER	create	47	END	1543430478512	1543430478650
USER	create	48	START	1543430478712	1543430478712
REQUEST	create	48		POST /cats	1543430478764	1543430478769	OK	 
REQUEST	create	48		GET /cats/{id}	1543430478770	1543430478774	OK	 
REQUEST	create	48		PUT /cats/{id}	1543430478777	1543430478783	OK	 
REQUEST	create	48		GET /cats	1543430478821	1543430478824	OK	 
USER	create	48	END	1543430478712	1543430478827
USER	delete	51	START	1543430478912	1543430478912
USER	create	49	START	1543430478912	1543430478912
REQUEST	create	49		POST /cats	1543430478964	1543430478972	OK	 
REQUEST	create	49		GET /cats/{id}	1543430478975	1543430478984	OK	 
REQUEST	create	49		PUT /cats/{id}	1543430478989	1543430479001	OK	 
REQUEST	create	49		GET /cats	1543430479032	1543430479037	OK	 
USER	create	49	END	1543430478912	1543430479040
USER	create	52	START	1543430479111	1543430479111
REQUEST	delete	51		GET /cats	1543430478954	1543430478959	KO	classpath:features/cats_delete/cats-delete.feature:13 def result = call delete response
USER	delete	51	END	1543430478912	1543430479148
REQUEST	create	52		POST /cats	1543430479163	1543430479167	OK	 
REQUEST	create	52		GET /cats/{id}	1543430479169	1543430479174	OK	 
REQUEST	create	52		PUT /cats/{id}	1543430479183	1543430479197	OK	 
REQUEST	create	52		GET /cats	1543430479243	1543430479247	OK	 
USER	create	52	END	1543430479111	1543430479250
USER	create	53	START	1543430479312	1543430479312
REQUEST	create	53		POST /cats	1543430479363	1543430479367	OK	 
REQUEST	create	53		GET /cats/{id}	1543430479369	1543430479373	OK	 
USER	delete	57	START	1543430479411	1543430479411
REQUEST	create	53		PUT /cats/{id}	1543430479376	1543430479381	OK	 
REQUEST	create	53		GET /cats	1543430479421	1543430479424	OK	 
USER	create	53	END	1543430479312	1543430479426
USER	create	54	START	1543430479511	1543430479511
REQUEST	create	54		POST /cats	1543430479564	1543430479569	OK	 
REQUEST	create	54		GET /cats/{id}	1543430479573	1543430479577	OK	 
REQUEST	delete	57		GET /cats	1543430479464	1543430479469	KO	classpath:features/cats_delete/cats-delete.feature:13 def result = call delete response
USER	delete	57	END	1543430479411	1543430479597
REQUEST	create	54		PUT /cats/{id}	1543430479581	1543430479588	OK	 
REQUEST	create	54		GET /cats	1543430479622	1543430479625	OK	 
USER	create	54	END	1543430479511	1543430479633
USER	create	55	START	1543430479713	1543430479713
REQUEST	create	55		POST /cats	1543430479763	1543430479767	OK	 
REQUEST	create	55		GET /cats/{id}	1543430479769	1543430479772	OK	 
REQUEST	create	55		PUT /cats/{id}	1543430479775	1543430479778	OK	 
REQUEST	create	55		GET /cats	1543430479813	1543430479817	OK	 
USER	create	55	END	1543430479713	1543430479820
USER	delete	58	START	1543430479913	1543430479913
USER	create	56	START	1543430479913	1543430479913
REQUEST	create	56		POST /cats	1543430479962	1543430479967	OK	 
REQUEST	create	56		GET /cats/{id}	1543430479969	1543430479978	OK	 
REQUEST	create	56		PUT /cats/{id}	1543430479985	1543430479993	OK	 
REQUEST	create	56		GET /cats	1543430480038	1543430480043	OK	 
USER	create	56	END	1543430479913	1543430480048
USER	create	59	START	1543430480111	1543430480111
REQUEST	delete	58		GET /cats	1543430479953	1543430479957	KO	classpath:features/cats_delete/cats-delete.feature:13 def result = call delete response
USER	delete	58	END	1543430479913	1543430480172
REQUEST	create	59		POST /cats	1543430480173	1543430480178	OK	 
REQUEST	create	59		GET /cats/{id}	1543430480185	1543430480189	OK	 
REQUEST	create	59		PUT /cats/{id}	1543430480192	1543430480199	OK	 
REQUEST	create	59		GET /cats	1543430480242	1543430480246	OK	 
USER	create	59	END	1543430480111	1543430480248
USER	create	60	START	1543430480312	1543430480312
REQUEST	create	60		POST /cats	1543430480363	1543430480367	OK	 
REQUEST	create	60		GET /cats/{id}	1543430480369	1543430480373	OK	 
USER	delete	64	START	1543430480412	1543430480412
REQUEST	create	60		PUT /cats/{id}	1543430480375	1543430480378	OK	 
REQUEST	create	60		GET /cats	1543430480415	1543430480424	OK	 
USER	create	60	END	1543430480312	1543430480426
USER	create	61	START	1543430480520	1543430480520
REQUEST	create	61		POST /cats	1543430480572	1543430480576	OK	 
REQUEST	create	61		GET /cats/{id}	1543430480584	1543430480589	OK	 
REQUEST	create	61		PUT /cats/{id}	1543430480593	1543430480597	OK	 
REQUEST	create	61		GET /cats	1543430480635	1543430480640	OK	 
USER	create	61	END	1543430480520	1543430480642
REQUEST	delete	64		GET /cats	1543430480462	1543430480466	KO	classpath:features/cats_delete/cats-delete.feature:13 def result = call delete response
USER	delete	64	END	1543430480412	1543430480658
USER	create	62	START	1543430480712	1543430480712
REQUEST	create	62		POST /cats	1543430480763	1543430480767	OK	 
REQUEST	create	62		GET /cats/{id}	1543430480768	1543430480771	OK	 
REQUEST	create	62		PUT /cats/{id}	1543430480774	1543430480778	OK	 
REQUEST	create	62		GET /cats	1543430480814	1543430480820	OK	 
USER	create	62	END	1543430480712	1543430480823
USER	create	63	START	1543430480910	1543430480910
USER	delete	65	START	1543430480910	1543430480910
REQUEST	create	63		POST /cats	1543430480964	1543430480969	OK	 
REQUEST	create	63		GET /cats/{id}	1543430480971	1543430480979	OK	 
REQUEST	create	63		PUT /cats/{id}	1543430480984	1543430480988	OK	 
REQUEST	create	63		GET /cats	1543430481023	1543430481027	OK	 
USER	create	63	END	1543430480910	1543430481029
USER	create	66	START	1543430481111	1543430481111
REQUEST	delete	65		GET /cats	1543430480953	1543430480957	KO	classpath:features/cats_delete/cats-delete.feature:13 def result = call delete response
USER	delete	65	END	1543430480910	1543430481154
REQUEST	create	66		POST /cats	1543430481176	1543430481180	OK	 
REQUEST	create	66		GET /cats/{id}	1543430481184	1543430481189	OK	 
REQUEST	create	66		PUT /cats/{id}	1543430481195	1543430481201	OK	 
REQUEST	create	66		GET /cats	1543430481244	1543430481248	OK	 
USER	create	66	END	1543430481111	1543430481249
USER	create	67	START	1543430481311	1543430481311
REQUEST	create	67		POST /cats	1543430481364	1543430481368	OK	 
REQUEST	create	67		GET /cats/{id}	1543430481370	1543430481375	OK	 
USER	delete	70	START	1543430481412	1543430481412
REQUEST	create	67		PUT /cats/{id}	1543430481379	1543430481383	OK	 
REQUEST	create	67		GET /cats	1543430481423	1543430481426	OK	 
USER	create	67	END	1543430481311	1543430481428
USER	create	68	START	1543430481510	1543430481510
REQUEST	create	68		POST /cats	1543430481575	1543430481579	OK	 
REQUEST	create	68		GET /cats/{id}	1543430481585	1543430481591	OK	 
REQUEST	create	68		PUT /cats/{id}	1543430481594	1543430481606	OK	 
REQUEST	create	68		GET /cats	1543430481643	1543430481647	OK	 
USER	create	68	END	1543430481510	1543430481652
REQUEST	delete	70		GET /cats	1543430481453	1543430481457	KO	classpath:features/cats_delete/cats-delete.feature:13 def result = call delete response
USER	delete	70	END	1543430481412	1543430481671
USER	create	69	START	1543430481711	1543430481711
REQUEST	create	69		POST /cats	1543430481773	1543430481776	OK	 
REQUEST	create	69		GET /cats/{id}	1543430481778	1543430481782	OK	 
REQUEST	create	69		PUT /cats/{id}	1543430481785	1543430481789	OK	 
REQUEST	create	69		GET /cats	1543430481833	1543430481838	OK	 
USER	create	69	END	1543430481711	1543430481841
